<?xml version="1.0" encoding="UTF-8"?>
<!-- Generated by org.testng.reporters.JUnitReportReporter -->
<testsuite skipped="0" hostname="D0055" name="runner.MRunner" tests="1" failures="0" timestamp="23 Apr 2018 12:33:45 GMT" time="52.579" errors="0">
  <testcase name="ff" time="52.579" classname="runner.MRunner"/>
</testsuite> <!-- runner.MRunner -->
